<?xml version="1.0" encoding="UTF-8"?>
<robot generator="Robot 6.0.1 (Python 3.11.0 on win32)" generated="20221129 12:52:52.042" rpa="false" schemaversion="3">
<suite id="s1" name="Main" source="C:\Users\Akshaansh.h\Desktop\Test_Automation_Pro\Demo\tests\main.robot">
<test id="s1-t1" name="Recharge on jio" line="11">
<kw name="open jio page" library="common" type="SETUP">
<kw name="Open Browser" library="SeleniumLibrary">
<arg>${url}</arg>
<arg>${chrome}</arg>
<doc>Opens a new browser instance to the optional ``url``.</doc>
<msg timestamp="20221129 12:52:52.295" level="INFO">Opening browser 'chrome' to base url 'https://www.jio.com'.</msg>
<status status="PASS" starttime="20221129 12:52:52.294" endtime="20221129 12:53:03.693"/>
</kw>
<kw name="Maximize Browser Window" library="SeleniumLibrary">
<doc>Maximizes current browser window.</doc>
<status status="PASS" starttime="20221129 12:53:03.693" endtime="20221129 12:53:03.822"/>
</kw>
<status status="PASS" starttime="20221129 12:52:52.294" endtime="20221129 12:53:03.822"/>
</kw>
<kw name="Set Selenium Timeout" library="SeleniumLibrary">
<arg>10s</arg>
<doc>Sets the timeout that is used by various keywords.</doc>
<status status="PASS" starttime="20221129 12:53:03.823" endtime="20221129 12:53:03.824"/>
</kw>
<kw name="Jio_Homepage" library="Keywords">
<kw name="Home_Page" library="Landing">
<kw name="Click Button" library="SeleniumLibrary">
<arg>xpath://*[@id="headerAnimate"]/section[1]/header/section/div/section[4]/div/div/input</arg>
<doc>Clicks the button identified by ``locator``.</doc>
<msg timestamp="20221129 12:53:03.825" level="INFO">Clicking button 'xpath://*[@id="headerAnimate"]/section[1]/header/section/div/section[4]/div/div/input'.</msg>
<status status="PASS" starttime="20221129 12:53:03.825" endtime="20221129 12:53:03.895"/>
</kw>
<kw name="Sleep" library="BuiltIn">
<arg>2s</arg>
<doc>Pauses the test executed for the given time.</doc>
<msg timestamp="20221129 12:53:05.896" level="INFO">Slept 2 seconds</msg>
<status status="PASS" starttime="20221129 12:53:03.896" endtime="20221129 12:53:05.896"/>
</kw>
<kw name="Click Link" library="SeleniumLibrary">
<arg>xpath://*[@id="quicklink-list-id"]/ul/li[1]/a</arg>
<doc>Clicks a link identified by ``locator``.</doc>
<msg timestamp="20221129 12:53:05.897" level="INFO">Clicking link 'xpath://*[@id="quicklink-list-id"]/ul/li[1]/a'.</msg>
<status status="PASS" starttime="20221129 12:53:05.896" endtime="20221129 12:53:08.483"/>
</kw>
<kw name="Sleep" library="BuiltIn">
<arg>2s</arg>
<doc>Pauses the test executed for the given time.</doc>
<msg timestamp="20221129 12:53:10.483" level="INFO">Slept 2 seconds</msg>
<status status="PASS" starttime="20221129 12:53:08.483" endtime="20221129 12:53:10.483"/>
</kw>
<status status="PASS" starttime="20221129 12:53:03.825" endtime="20221129 12:53:10.483"/>
</kw>
<status status="PASS" starttime="20221129 12:53:03.824" endtime="20221129 12:53:10.483"/>
</kw>
<kw name="Mobile_Recharge_Plans" library="Keywords">
<kw name="Input_Mobile_DataPlans" library="Recharge_Details">
<kw name="Input Text" library="SeleniumLibrary">
<arg>id:submitNumber</arg>
<arg>9755942727</arg>
<doc>Types the given ``text`` into the text field identified by ``locator``.</doc>
<msg timestamp="20221129 12:53:10.484" level="INFO">Typing text '9755942727' into text field 'id:submitNumber'.</msg>
<status status="PASS" starttime="20221129 12:53:10.484" endtime="20221129 12:53:10.602"/>
</kw>
<kw name="Sleep" library="BuiltIn">
<arg>2s</arg>
<doc>Pauses the test executed for the given time.</doc>
<msg timestamp="20221129 12:53:12.605" level="INFO">Slept 2 seconds</msg>
<status status="PASS" starttime="20221129 12:53:10.602" endtime="20221129 12:53:12.605"/>
</kw>
<kw name="Scroll Element Into View" library="SeleniumLibrary">
<arg>${Continue}</arg>
<doc>Scrolls the element identified by ``locator`` into view.</doc>
<status status="PASS" starttime="20221129 12:53:12.605" endtime="20221129 12:53:12.881"/>
</kw>
<kw name="Wait Until Page Contains" library="SeleniumLibrary">
<arg>Continue</arg>
<doc>Waits until ``text`` appears on the current page.</doc>
<status status="PASS" starttime="20221129 12:53:12.881" endtime="20221129 12:53:12.893"/>
</kw>
<kw name="Click Button" library="SeleniumLibrary">
<arg>${Continue}</arg>
<doc>Clicks the button identified by ``locator``.</doc>
<msg timestamp="20221129 12:53:12.894" level="INFO">Clicking button 'xpath://button[@class='j-button j-button-size__medium primary']'.</msg>
<status status="PASS" starttime="20221129 12:53:12.894" endtime="20221129 12:53:12.938"/>
</kw>
<kw name="Wait Until Page Contains" library="SeleniumLibrary">
<arg>The number you have entered is not a Jio number</arg>
<doc>Waits until ``text`` appears on the current page.</doc>
<status status="PASS" starttime="20221129 12:53:12.938" endtime="20221129 12:53:13.382"/>
</kw>
<kw name="Sleep" library="BuiltIn">
<arg>5s</arg>
<doc>Pauses the test executed for the given time.</doc>
<msg timestamp="20221129 12:53:18.382" level="INFO">Slept 5 seconds</msg>
<status status="PASS" starttime="20221129 12:53:13.382" endtime="20221129 12:53:18.382"/>
</kw>
<kw name="Input Text" library="SeleniumLibrary">
<arg>id:submitNumber</arg>
<arg>${Number}</arg>
<doc>Types the given ``text`` into the text field identified by ``locator``.</doc>
<msg timestamp="20221129 12:53:18.383" level="INFO">Typing text '9755942737' into text field 'id:submitNumber'.</msg>
<status status="PASS" starttime="20221129 12:53:18.382" endtime="20221129 12:53:18.467"/>
</kw>
<kw name="Scroll Element Into View" library="SeleniumLibrary">
<arg>${Continue}</arg>
<doc>Scrolls the element identified by ``locator`` into view.</doc>
<status status="PASS" starttime="20221129 12:53:18.467" endtime="20221129 12:53:18.737"/>
</kw>
<kw name="Wait Until Page Contains" library="SeleniumLibrary">
<arg>Continue</arg>
<doc>Waits until ``text`` appears on the current page.</doc>
<status status="PASS" starttime="20221129 12:53:18.737" endtime="20221129 12:53:18.745"/>
</kw>
<kw name="Sleep" library="BuiltIn">
<arg>3s</arg>
<doc>Pauses the test executed for the given time.</doc>
<msg timestamp="20221129 12:53:21.746" level="INFO">Slept 3 seconds</msg>
<status status="PASS" starttime="20221129 12:53:18.745" endtime="20221129 12:53:21.746"/>
</kw>
<kw name="Click Button" library="SeleniumLibrary">
<arg>xpath://button[@class='j-button j-button-size__medium primary']</arg>
<doc>Clicks the button identified by ``locator``.</doc>
<msg timestamp="20221129 12:53:21.747" level="INFO">Clicking button 'xpath://button[@class='j-button j-button-size__medium primary']'.</msg>
<status status="PASS" starttime="20221129 12:53:21.746" endtime="20221129 12:53:21.790"/>
</kw>
<kw name="Sleep" library="BuiltIn">
<arg>5s</arg>
<doc>Pauses the test executed for the given time.</doc>
<msg timestamp="20221129 12:53:26.791" level="INFO">Slept 5 seconds</msg>
<status status="PASS" starttime="20221129 12:53:21.790" endtime="20221129 12:53:26.791"/>
</kw>
<status status="PASS" starttime="20221129 12:53:10.484" endtime="20221129 12:53:26.791"/>
</kw>
<kw name="Recharge_Plans" library="Recharge_Details">
<kw name="Click Element" library="SeleniumLibrary">
<arg>xpath://*[@id="1"]/span[2]</arg>
<doc>Click the element identified by ``locator``.</doc>
<msg timestamp="20221129 12:53:26.791" level="INFO">Clicking element 'xpath://*[@id="1"]/span[2]'.</msg>
<status status="PASS" starttime="20221129 12:53:26.791" endtime="20221129 12:53:26.838"/>
</kw>
<kw name="Sleep" library="BuiltIn">
<arg>5s</arg>
<doc>Pauses the test executed for the given time.</doc>
<msg timestamp="20221129 12:53:31.838" level="INFO">Slept 5 seconds</msg>
<status status="PASS" starttime="20221129 12:53:26.838" endtime="20221129 12:53:31.838"/>
</kw>
<kw name="Scroll Element Into View" library="SeleniumLibrary">
<arg>xpath://*[@id="panel_1"]/div[5]/div[2]/div[2]/button[2]</arg>
<doc>Scrolls the element identified by ``locator`` into view.</doc>
<status status="PASS" starttime="20221129 12:53:31.838" endtime="20221129 12:53:32.114"/>
</kw>
<kw name="Sleep" library="BuiltIn">
<arg>2s</arg>
<doc>Pauses the test executed for the given time.</doc>
<msg timestamp="20221129 12:53:34.114" level="INFO">Slept 2 seconds</msg>
<status status="PASS" starttime="20221129 12:53:32.114" endtime="20221129 12:53:34.114"/>
</kw>
<kw name="Click Element" library="SeleniumLibrary">
<arg>xpath://*[@id="panel_1"]/div[5]/div[2]/div[2]/button[1]</arg>
<doc>Click the element identified by ``locator``.</doc>
<msg timestamp="20221129 12:53:34.115" level="INFO">Clicking element 'xpath://*[@id="panel_1"]/div[5]/div[2]/div[2]/button[1]'.</msg>
<status status="PASS" starttime="20221129 12:53:34.114" endtime="20221129 12:53:34.188"/>
</kw>
<kw name="Set Selenium Speed" library="SeleniumLibrary">
<arg>3s</arg>
<doc>Sets the delay that is waited after each Selenium command.</doc>
<status status="PASS" starttime="20221129 12:53:34.188" endtime="20221129 12:53:34.188"/>
</kw>
<kw name="Click Button" library="SeleniumLibrary">
<arg>xpath://*[@id="popup_overlay"]/div/button</arg>
<doc>Clicks the button identified by ``locator``.</doc>
<msg timestamp="20221129 12:53:34.188" level="INFO">Clicking button 'xpath://*[@id="popup_overlay"]/div/button'.</msg>
<status status="PASS" starttime="20221129 12:53:34.188" endtime="20221129 12:53:46.258"/>
</kw>
<kw name="Sleep" library="BuiltIn">
<arg>2s</arg>
<doc>Pauses the test executed for the given time.</doc>
<msg timestamp="20221129 12:53:48.259" level="INFO">Slept 2 seconds</msg>
<status status="PASS" starttime="20221129 12:53:46.258" endtime="20221129 12:53:48.259"/>
</kw>
<kw name="Click Element" library="SeleniumLibrary">
<arg>xpath://*[@id="panel_1"]/div[5]/div[2]/div[2]/button[2]</arg>
<doc>Click the element identified by ``locator``.</doc>
<msg timestamp="20221129 12:53:48.259" level="INFO">Clicking element 'xpath://*[@id="panel_1"]/div[5]/div[2]/div[2]/button[2]'.</msg>
<status status="PASS" starttime="20221129 12:53:48.259" endtime="20221129 12:53:54.322"/>
</kw>
<kw name="Sleep" library="BuiltIn">
<arg>10s</arg>
<doc>Pauses the test executed for the given time.</doc>
<msg timestamp="20221129 12:54:04.322" level="INFO">Slept 10 seconds</msg>
<status status="PASS" starttime="20221129 12:53:54.322" endtime="20221129 12:54:04.322"/>
</kw>
<status status="PASS" starttime="20221129 12:53:26.791" endtime="20221129 12:54:04.322"/>
</kw>
<status status="PASS" starttime="20221129 12:53:10.483" endtime="20221129 12:54:04.322"/>
</kw>
<kw name="Payment_Page" library="Keywords">
<kw name="Payment_gateway_page" library="Payment">
<kw name="Click Element" library="SeleniumLibrary">
<arg>xpath://*[@id="vertical-tabpanel-0"]/div/div[4]/div[1]/span</arg>
<doc>Click the element identified by ``locator``.</doc>
<msg timestamp="20221129 12:54:04.324" level="INFO">Clicking element 'xpath://*[@id="vertical-tabpanel-0"]/div/div[4]/div[1]/span'.</msg>
<status status="PASS" starttime="20221129 12:54:04.324" endtime="20221129 12:54:10.371"/>
</kw>
<kw name="Sleep" library="BuiltIn">
<arg>2s</arg>
<doc>Pauses the test executed for the given time.</doc>
<msg timestamp="20221129 12:54:12.371" level="INFO">Slept 2 seconds</msg>
<status status="PASS" starttime="20221129 12:54:10.371" endtime="20221129 12:54:12.371"/>
</kw>
<kw name="Scroll Element Into View" library="SeleniumLibrary">
<arg>id:desktopUpiInput</arg>
<doc>Scrolls the element identified by ``locator`` into view.</doc>
<status status="PASS" starttime="20221129 12:54:12.371" endtime="20221129 12:54:18.662"/>
</kw>
<kw name="Input Text" library="SeleniumLibrary">
<arg>id:desktopUpiInput</arg>
<arg>${Number}</arg>
<doc>Types the given ``text`` into the text field identified by ``locator``.</doc>
<msg timestamp="20221129 12:54:18.663" level="INFO">Typing text '9755942737' into text field 'id:desktopUpiInput'.</msg>
<status status="PASS" starttime="20221129 12:54:18.662" endtime="20221129 12:54:27.746"/>
</kw>
<kw name="Scroll Element Into View" library="SeleniumLibrary">
<arg>xpath://*[@id="vertical-tabpanel-0"]/div/button</arg>
<doc>Scrolls the element identified by ``locator`` into view.</doc>
<status status="PASS" starttime="20221129 12:54:27.746" endtime="20221129 12:54:34.020"/>
</kw>
<kw name="Sleep" library="BuiltIn">
<arg>10second</arg>
<doc>Pauses the test executed for the given time.</doc>
<msg timestamp="20221129 12:54:44.021" level="INFO">Slept 10 seconds</msg>
<status status="PASS" starttime="20221129 12:54:34.020" endtime="20221129 12:54:44.021"/>
</kw>
<status status="PASS" starttime="20221129 12:54:04.323" endtime="20221129 12:54:44.021"/>
</kw>
<status status="PASS" starttime="20221129 12:54:04.323" endtime="20221129 12:54:44.021"/>
</kw>
<kw name="Close Window Page" library="common" type="TEARDOWN">
<kw name="Close Browser" library="SeleniumLibrary">
<doc>Closes the current browser.</doc>
<status status="PASS" starttime="20221129 12:54:44.022" endtime="20221129 12:54:49.113"/>
</kw>
<status status="PASS" starttime="20221129 12:54:44.022" endtime="20221129 12:54:49.113"/>
</kw>
<doc>This is the flow how recharge process is working</doc>
<tag>smoke</tag>
<status status="PASS" starttime="20221129 12:52:52.293" endtime="20221129 12:54:49.113"/>
</test>
<doc>Basic demo on the recharge process of jio.com page</doc>
<status status="PASS" starttime="20221129 12:52:52.047" endtime="20221129 12:54:49.114"/>
</suite>
<statistics>
<total>
<stat pass="1" fail="0" skip="0">All Tests</stat>
</total>
<tag>
<stat pass="1" fail="0" skip="0">smoke</stat>
</tag>
<suite>
<stat pass="1" fail="0" skip="0" id="s1" name="Main">Main</stat>
</suite>
</statistics>
<errors>
</errors>
</robot>
